<?xml version="1.0" encoding="UTF-8"?>
<!-- Generated by org.testng.reporters.JUnitXMLReporter -->
<testsuite hostname="DESKTOP-INP1UBA" name="Test" tests="3" failures="0" timestamp="10 Apr 2020 00:10:43 GMT" time="49.996" errors="0">
  <testcase name="BasePageNavigator" time="0.588" classname="Academy.ValidationBar"/>
  <testcase name="BasePageNavigator" time="0.39" classname="Academy.Validation"/>
  <testcase name="BasePageNavigator" time="15.669" classname="Academy.HomePage"/>
</testsuite> <!-- Test -->
