<?xml version="1.0" encoding="UTF-8"?>
<!-- Generated by org.testng.reporters.JUnitXMLReporter -->
<testsuite hostname="DESKTOP-INP1UBA" name="Test" tests="3" failures="0" timestamp="16 Apr 2020 21:51:18 GMT" time="43.05" errors="0">
  <testcase name="BasePageNavigator" time="0.302" classname="Academy.ValidationBar"/>
  <testcase name="BasePageNavigator" time="0.163" classname="Academy.Validation"/>
  <testcase name="BasePageNavigator" time="14.051" classname="Academy.HomePage"/>
</testsuite> <!-- Test -->
